2023-02-06T12:04:06.712272+0700 - DEBUG - Пользователь ввел O Ходит игрок
2023-02-06T12:04:09.032293+0700 - DEBUG - Пользователь ввел X Ходит игрок
2023-02-06T12:04:10.846595+0700 - DEBUG - Пользователь ввел O Ходит игрок
2023-02-06T12:04:12.709616+0700 - DEBUG - Занятые позиции {1: '❌', 2: '⭕', 3: '3', 4: '❌', 5: '⭕', 6: '6', 7: '7', 8: '8', 9: '9'}
2023-02-06T12:04:12.712109+0700 - DEBUG - Пользователь ввел X Ходит игрок
2023-02-06T12:04:13.818393+0700 - DEBUG - Занятые позиции {1: '❌', 2: '⭕', 3: '3', 4: '❌', 5: '⭕', 6: '6', 7: '❌', 8: '8', 9: '9'}
2023-02-06T12:04:13.821396+0700 - DEBUG - Занятые позиции {1: '❌', 2: '⭕', 3: '3', 4: '❌', 5: '⭕', 6: '6', 7: '❌', 8: '8', 9: '9'}
2023-02-06T12:04:16.247455+0700 - DEBUG - Пользователь ввел O Ходит игрок
2023-02-06T12:09:04.641348+0700 - DEBUG - Пользователь ввел X Ходит игрок
2023-02-06T12:09:06.560575+0700 - DEBUG - Пользователь ввел O Ходит игрок
2023-02-06T12:09:10.218911+0700 - DEBUG - Пользователь ввел X Ходит игрок
2023-02-06T12:09:13.619108+0700 - DEBUG - Занятые позиции {1: '1', 2: '2', 3: '❌', 4: '4', 5: '⭕', 6: '6', 7: '⭕', 8: '8', 9: '❌'}
2023-02-06T12:09:13.621101+0700 - DEBUG - Пользователь ввел O Ходит игрок
2023-02-06T12:09:15.155784+0700 - DEBUG - Занятые позиции {1: '1', 2: '⭕', 3: '❌', 4: '4', 5: '⭕', 6: '6', 7: '⭕', 8: '8', 9: '❌'}
2023-02-06T12:09:15.159777+0700 - DEBUG - Пользователь ввел X Ходит игрок
2023-02-06T12:09:16.575659+0700 - DEBUG - Занятые позиции {1: '1', 2: '⭕', 3: '❌', 4: '❌', 5: '⭕', 6: '6', 7: '⭕', 8: '8', 9: '❌'}
2023-02-06T12:09:16.578680+0700 - DEBUG - Пользователь ввел O Ходит игрок
2023-02-06T12:09:17.681488+0700 - DEBUG - Занятые позиции {1: '1', 2: '⭕', 3: '❌', 4: '❌', 5: '⭕', 6: '6', 7: '⭕', 8: '⭕', 9: '❌'}
2023-02-06T12:09:17.683488+0700 - DEBUG - Занятые позиции {1: '1', 2: '⭕', 3: '❌', 4: '❌', 5: '⭕', 6: '6', 7: '⭕', 8: '⭕', 9: '❌'}
2023-02-06T12:09:20.075152+0700 - DEBUG - Пользователь ввел X Ходит игрок
